# JRE version: Java(TM) SE Runtime Environment (8.0_121-b13) (build 1.8.0_121-b13)
# Java VM: Java HotSpot(TM) 64-Bit Server VM (25.121-b13 mixed mode windows-amd64 compressed oops)
Heap:
 PSYoungGen      total 646144K, used 488736K [0x00000000d6100000, 0x0000000100000000, 0x0000000100000000)
  eden space 622592K, 77% used [0x00000000d6100000,0x00000000f39700f8,0x00000000fc100000)
  from space 23552K, 21% used [0x00000000fc100000,0x00000000fc5d8000,0x00000000fd800000)
  to   space 23040K, 0% used [0x00000000fe980000,0x00000000fe980000,0x0000000100000000)
 ParOldGen       total 94208K, used 34155K [0x0000000082200000, 0x0000000087e00000, 0x00000000d6100000)
  object space 94208K, 36% used [0x0000000082200000,0x000000008435adb8,0x0000000087e00000)
 Metaspace       used 60297K, capacity 63030K, committed 63280K, reserved 1103872K
  class space    used 8000K, capacity 8476K, committed 8496K, reserved 1048576K
GC Heap History (10 events):
Event: 10.196 GC heap before
{Heap before GC invocations=10 (full 2):
 PSYoungGen      total 270848K, used 259072K [0x00000000d6100000, 0x00000000f4780000, 0x0000000100000000)
  eden space 259072K, 100% used [0x00000000d6100000,0x00000000e5e00000,0x00000000e5e00000)
  from space 11776K, 0% used [0x00000000e5e00000,0x00000000e5e00000,0x00000000e6980000)
  to   space 15360K, 0% used [0x00000000f3880000,0x00000000f3880000,0x00000000f4780000)
 ParOldGen       total 68608K, used 19440K [0x0000000082200000, 0x0000000086500000, 0x00000000d6100000)
  object space 68608K, 28% used [0x0000000082200000,0x00000000834fc0f0,0x0000000086500000)
 Metaspace       used 52519K, capacity 54890K, committed 55216K, reserved 1097728K
  class space    used 7042K, capacity 7480K, committed 7600K, reserved 1048576K
Event: 10.224 GC heap after
Heap after GC invocations=10 (full 2):
 PSYoungGen      total 468992K, used 15355K [0x00000000d6100000, 0x00000000f4780000, 0x0000000100000000)
  eden space 453632K, 0% used [0x00000000d6100000,0x00000000d6100000,0x00000000f1c00000)
  from space 15360K, 99% used [0x00000000f3880000,0x00000000f477eca0,0x00000000f4780000)
  to   space 22016K, 0% used [0x00000000f1c80000,0x00000000f1c80000,0x00000000f3200000)
 ParOldGen       total 68608K, used 28401K [0x0000000082200000, 0x0000000086500000, 0x00000000d6100000)
  object space 68608K, 41% used [0x0000000082200000,0x0000000083dbc5e0,0x0000000086500000)
 Metaspace       used 52519K, capacity 54890K, committed 55216K, reserved 1097728K
  class space    used 7042K, capacity 7480K, committed 7600K, reserved 1048576K
}
Event: 16.137 GC heap before
{Heap before GC invocations=11 (full 2):
 PSYoungGen      total 468992K, used 131132K [0x00000000d6100000, 0x00000000f4780000, 0x0000000100000000)
  eden space 453632K, 25% used [0x00000000d6100000,0x00000000dd210660,0x00000000f1c00000)
  from space 15360K, 99% used [0x00000000f3880000,0x00000000f477eca0,0x00000000f4780000)
  to   space 22016K, 0% used [0x00000000f1c80000,0x00000000f1c80000,0x00000000f3200000)
 ParOldGen       total 68608K, used 28401K [0x0000000082200000, 0x0000000086500000, 0x00000000d6100000)
  object space 68608K, 41% used [0x0000000082200000,0x0000000083dbc5e0,0x0000000086500000)
 Metaspace       used 56521K, capacity 59012K, committed 59160K, reserved 1099776K
  class space    used 7584K, capacity 8033K, committed 8112K, reserved 1048576K
Event: 16.205 GC heap after
Heap after GC invocations=11 (full 2):
 PSYoungGen      total 476160K, used 18018K [0x00000000d6100000, 0x0000000100000000, 0x0000000100000000)
  eden space 454144K, 0% used [0x00000000d6100000,0x00000000d6100000,0x00000000f1c80000)
  from space 22016K, 81% used [0x00000000f1c80000,0x00000000f2e18860,0x00000000f3200000)
  to   space 24064K, 0% used [0x00000000fe880000,0x00000000fe880000,0x0000000100000000)
 ParOldGen       total 68608K, used 28409K [0x0000000082200000, 0x0000000086500000, 0x00000000d6100000)
  object space 68608K, 41% used [0x0000000082200000,0x0000000083dbe5e0,0x0000000086500000)
 Metaspace       used 56521K, capacity 59012K, committed 59160K, reserved 1099776K
  class space    used 7584K, capacity 8033K, committed 8112K, reserved 1048576K
}
Event: 16.205 GC heap before
{Heap before GC invocations=12 (full 3):
 PSYoungGen      total 476160K, used 18018K [0x00000000d6100000, 0x0000000100000000, 0x0000000100000000)
  eden space 454144K, 0% used [0x00000000d6100000,0x00000000d6100000,0x00000000f1c80000)
  from space 22016K, 81% used [0x00000000f1c80000,0x00000000f2e18860,0x00000000f3200000)
  to   space 24064K, 0% used [0x00000000fe880000,0x00000000fe880000,0x0000000100000000)
 ParOldGen       total 68608K, used 28409K [0x0000000082200000, 0x0000000086500000, 0x00000000d6100000)
  object space 68608K, 41% used [0x0000000082200000,0x0000000083dbe5e0,0x0000000086500000)
 Metaspace       used 56521K, capacity 59012K, committed 59160K, reserved 1099776K
  class space    used 7584K, capacity 8033K, committed 8112K, reserved 1048576K
Event: 16.726 GC heap after
Heap after GC invocations=12 (full 3):
 PSYoungGen      total 476160K, used 0K [0x00000000d6100000, 0x0000000100000000, 0x0000000100000000)
  eden space 454144K, 0% used [0x00000000d6100000,0x00000000d6100000,0x00000000f1c80000)
  from space 22016K, 0% used [0x00000000f1c80000,0x00000000f1c80000,0x00000000f3200000)
  to   space 24064K, 0% used [0x00000000fe880000,0x00000000fe880000,0x0000000100000000)
 ParOldGen       total 94208K, used 32632K [0x0000000082200000, 0x0000000087e00000, 0x00000000d6100000)
  object space 94208K, 34% used [0x0000000082200000,0x00000000841de3d8,0x0000000087e00000)
 Metaspace       used 56514K, capacity 59000K, committed 59160K, reserved 1099776K
  class space    used 7583K, capacity 8031K, committed 8112K, reserved 1048576K
}
Event: 12423.868 GC heap before
{Heap before GC invocations=13 (full 3):
 PSYoungGen      total 476160K, used 454144K [0x00000000d6100000, 0x0000000100000000, 0x0000000100000000)
  eden space 454144K, 100% used [0x00000000d6100000,0x00000000f1c80000,0x00000000f1c80000)
  from space 22016K, 0% used [0x00000000f1c80000,0x00000000f1c80000,0x00000000f3200000)
  to   space 24064K, 0% used [0x00000000fe880000,0x00000000fe880000,0x0000000100000000)
 ParOldGen       total 94208K, used 32632K [0x0000000082200000, 0x0000000087e00000, 0x00000000d6100000)
  object space 94208K, 34% used [0x0000000082200000,0x00000000841de3d8,0x0000000087e00000)
 Metaspace       used 60093K, capacity 62774K, committed 63024K, reserved 1103872K
  class space    used 7999K, capacity 8476K, committed 8496K, reserved 1048576K
Event: 12423.944 GC heap after
Heap after GC invocations=13 (full 3):
 PSYoungGen      total 612864K, used 6260K [0x00000000d6100000, 0x00000000fef00000, 0x0000000100000000)
  eden space 606208K, 0% used [0x00000000d6100000,0x00000000d6100000,0x00000000fb100000)
  from space 6656K, 94% used [0x00000000fe880000,0x00000000fee9d0f0,0x00000000fef00000)
  to   space 23552K, 0% used [0x00000000fc100000,0x00000000fc100000,0x00000000fd800000)
 ParOldGen       total 94208K, used 32640K [0x0000000082200000, 0x0000000087e00000, 0x00000000d6100000)
  object space 94208K, 34% used [0x0000000082200000,0x00000000841e03d8,0x0000000087e00000)
 Metaspace       used 60093K, capacity 62774K, committed 63024K, reserved 1103872K
  class space    used 7999K, capacity 8476K, committed 8496K, reserved 1048576K
}
Event: 103071.668 GC heap before
{Heap before GC invocations=14 (full 3):
 PSYoungGen      total 612864K, used 612468K [0x00000000d6100000, 0x00000000fef00000, 0x0000000100000000)
  eden space 606208K, 100% used [0x00000000d6100000,0x00000000fb100000,0x00000000fb100000)
  from space 6656K, 94% used [0x00000000fe880000,0x00000000fee9d0f0,0x00000000fef00000)
  to   space 23552K, 0% used [0x00000000fc100000,0x00000000fc100000,0x00000000fd800000)
 ParOldGen       total 94208K, used 32640K [0x0000000082200000, 0x0000000087e00000, 0x00000000d6100000)
  object space 94208K, 34% used [0x0000000082200000,0x00000000841e03d8,0x0000000087e00000)
 Metaspace       used 60242K, capacity 62966K, committed 63024K, reserved 1103872K
  class space    used 8000K, capacity 8476K, committed 8496K, reserved 1048576K
Event: 103072.580 GC heap after
Heap after GC invocations=14 (full 3):
 PSYoungGen      total 646144K, used 4960K [0x00000000d6100000, 0x0000000100000000, 0x0000000100000000)
  eden space 622592K, 0% used [0x00000000d6100000,0x00000000d6100000,0x00000000fc100000)
  from space 23552K, 21% used [0x00000000fc100000,0x00000000fc5d8000,0x00000000fd800000)
  to   space 23040K, 0% used [0x00000000fe980000,0x00000000fe980000,0x0000000100000000)
 ParOldGen       total 94208K, used 34155K [0x0000000082200000, 0x0000000087e00000, 0x00000000d6100000)
  object space 94208K, 36% used [0x0000000082200000,0x000000008435adb8,0x0000000087e00000)
 Metaspace       used 60242K, capacity 62966K, committed 63024K, reserved 1103872K
  class space    used 8000K, capacity 8476K, committed 8496K, reserved 1048576K
}

